# JRE version: Java(TM) SE Runtime Environment (7.0_71-b14) (build 1.7.0_71-b14)
# Java VM: Java HotSpot(TM) Client VM (24.71-b01 mixed mode windows-x86 )
Heap
 par new generation   total 18432K, used 9901K [0x04000000, 0x05400000, 0x0eaa0000)
  eden space 16384K,  48% used [0x04000000, 0x047aed88, 0x05000000)
  from space 2048K,  99% used [0x05000000, 0x051fc980, 0x05200000)
  to   space 2048K,   0% used [0x05200000, 0x05200000, 0x05400000)
 concurrent mark-sweep generation total 40960K, used 35429K [0x0eaa0000, 0x112a0000, 0x24000000)
 concurrent-mark-sweep perm gen total 56900K, used 39794K [0x24000000, 0x27791000, 0x28000000)
GC Heap History (10 events):
Event: 27.494 GC heap before
{Heap before GC invocations=13 (full 3):
 par new generation   total 18432K, used 18432K [0x04000000, 0x05400000, 0x0eaa0000)
  eden space 16384K, 100% used [0x04000000, 0x05000000, 0x05000000)
  from space 2048K, 100% used [0x05200000, 0x05400000, 0x05400000)
  to   space 2048K,   0% used [0x05000000, 0x05000000, 0x05200000)
 concurrent mark-sweep generation total 40960K, used 24839K [0x0eaa0000, 0x112a0000, 0x24000000)
 concurrent-mark-sweep perm gen total 56900K, used 38690K [0x24000000, 0x27791000, 0x28000000)
Event: 27.498 GC heap after
Heap after GC invocations=14 (full 3):
 par new generation   total 18432K, used 2048K [0x04000000, 0x05400000, 0x0eaa0000)
  eden space 16384K,   0% used [0x04000000, 0x04000000, 0x05000000)
  from space 2048K, 100% used [0x05000000, 0x05200000, 0x05200000)
  to   space 2048K,   0% used [0x05200000, 0x05200000, 0x05400000)
 concurrent mark-sweep generation total 40960K, used 26733K [0x0eaa0000, 0x112a0000, 0x24000000)
 concurrent-mark-sweep perm gen total 56900K, used 38690K [0x24000000, 0x27791000, 0x28000000)
}
Event: 57.263 GC heap before
{Heap before GC invocations=14 (full 3):
 par new generation   total 18432K, used 18340K [0x04000000, 0x05400000, 0x0eaa0000)
  eden space 16384K,  99% used [0x04000000, 0x04fe90c0, 0x05000000)
  from space 2048K, 100% used [0x05000000, 0x05200000, 0x05200000)
  to   space 2048K,   0% used [0x05200000, 0x05200000, 0x05400000)
 concurrent mark-sweep generation total 40960K, used 26733K [0x0eaa0000, 0x112a0000, 0x24000000)
 concurrent-mark-sweep perm gen total 56900K, used 39640K [0x24000000, 0x27791000, 0x28000000)
Event: 57.268 GC heap after
Heap after GC invocations=15 (full 3):
 par new generation   total 18432K, used 2048K [0x04000000, 0x05400000, 0x0eaa0000)
  eden space 16384K,   0% used [0x04000000, 0x04000000, 0x05000000)
  from space 2048K, 100% used [0x05200000, 0x05400000, 0x05400000)
  to   space 2048K,   0% used [0x05000000, 0x05000000, 0x05200000)
 concurrent mark-sweep generation total 40960K, used 30454K [0x0eaa0000, 0x112a0000, 0x24000000)
 concurrent-mark-sweep perm gen total 56900K, used 39640K [0x24000000, 0x27791000, 0x28000000)
}
Event: 57.299 GC heap before
{Heap before GC invocations=15 (full 3):
 par new generation   total 18432K, used 18432K [0x04000000, 0x05400000, 0x0eaa0000)
  eden space 16384K, 100% used [0x04000000, 0x05000000, 0x05000000)
  from space 2048K, 100% used [0x05200000, 0x05400000, 0x05400000)
  to   space 2048K,   0% used [0x05000000, 0x05000000, 0x05200000)
 concurrent mark-sweep generation total 40960K, used 30454K [0x0eaa0000, 0x112a0000, 0x24000000)
 concurrent-mark-sweep perm gen total 56900K, used 39640K [0x24000000, 0x27791000, 0x28000000)
Event: 57.303 GC heap after
Heap after GC invocations=16 (full 3):
 par new generation   total 18432K, used 2048K [0x04000000, 0x05400000, 0x0eaa0000)
  eden space 16384K,   0% used [0x04000000, 0x04000000, 0x05000000)
  from space 2048K, 100% used [0x05000000, 0x05200000, 0x05200000)
  to   space 2048K,   0% used [0x05200000, 0x05200000, 0x05400000)
 concurrent mark-sweep generation total 40960K, used 32071K [0x0eaa0000, 0x112a0000, 0x24000000)
 concurrent-mark-sweep perm gen total 56900K, used 39640K [0x24000000, 0x27791000, 0x28000000)
}
Event: 57.325 GC heap before
{Heap before GC invocations=16 (full 3):
 par new generation   total 18432K, used 18432K [0x04000000, 0x05400000, 0x0eaa0000)
  eden space 16384K, 100% used [0x04000000, 0x05000000, 0x05000000)
  from space 2048K, 100% used [0x05000000, 0x05200000, 0x05200000)
  to   space 2048K,   0% used [0x05200000, 0x05200000, 0x05400000)
 concurrent mark-sweep generation total 40960K, used 32071K [0x0eaa0000, 0x112a0000, 0x24000000)
 concurrent-mark-sweep perm gen total 56900K, used 39640K [0x24000000, 0x27791000, 0x28000000)
Event: 57.329 GC heap after
Heap after GC invocations=17 (full 3):
 par new generation   total 18432K, used 2048K [0x04000000, 0x05400000, 0x0eaa0000)
  eden space 16384K,   0% used [0x04000000, 0x04000000, 0x05000000)
  from space 2048K, 100% used [0x05200000, 0x05400000, 0x05400000)
  to   space 2048K,   0% used [0x05000000, 0x05000000, 0x05200000)
 concurrent mark-sweep generation total 40960K, used 33773K [0x0eaa0000, 0x112a0000, 0x24000000)
 concurrent-mark-sweep perm gen total 56900K, used 39640K [0x24000000, 0x27791000, 0x28000000)
}
Event: 57.349 GC heap before
{Heap before GC invocations=17 (full 3):
 par new generation   total 18432K, used 18432K [0x04000000, 0x05400000, 0x0eaa0000)
  eden space 16384K, 100% used [0x04000000, 0x05000000, 0x05000000)
  from space 2048K, 100% used [0x05200000, 0x05400000, 0x05400000)
  to   space 2048K,   0% used [0x05000000, 0x05000000, 0x05200000)
 concurrent mark-sweep generation total 40960K, used 33773K [0x0eaa0000, 0x112a0000, 0x24000000)
 concurrent-mark-sweep perm gen total 56900K, used 39640K [0x24000000, 0x27791000, 0x28000000)
Event: 57.355 GC heap after
Heap after GC invocations=18 (full 3):
 par new generation   total 18432K, used 2034K [0x04000000, 0x05400000, 0x0eaa0000)
  eden space 16384K,   0% used [0x04000000, 0x04000000, 0x05000000)
  from space 2048K,  99% used [0x05000000, 0x051fc980, 0x05200000)
  to   space 2048K,   0% used [0x05200000, 0x05200000, 0x05400000)
 concurrent mark-sweep generation total 40960K, used 35429K [0x0eaa0000, 0x112a0000, 0x24000000)
 concurrent-mark-sweep perm gen total 56900K, used 39640K [0x24000000, 0x27791000, 0x28000000)
}

